<?xml version="1.0" encoding="UTF-8"?>
<testsuite xmlns:xsi="http://www.w3.org/2001/XMLSchema-instance" xsi:noNamespaceSchemaLocation="https://maven.apache.org/surefire/maven-surefire-plugin/xsd/surefire-test-report.xsd" name="org.github.jrds.AppTest" time="0.226" tests="1" errors="0" skipped="0" failures="0">
  <properties>
    <property name="sun.desktop" value="windows"/>
    <property name="awt.toolkit" value="sun.awt.windows.WToolkit"/>
    <property name="java.specification.version" value="11"/>
    <property name="sun.cpu.isalist" value="amd64"/>
    <property name="sun.jnu.encoding" value="Cp1252"/>
    <property name="java.class.path" value="c:\Users\jordan.r.wathen\OneDrive - Accenture\UEL\Year 3\Synoptic Project\synoptic\target\test-classes;c:\Users\jordan.r.wathen\OneDrive - Accenture\UEL\Year 3\Synoptic Project\synoptic\target\classes;C:\Users\jordan.r.wathen\.m2\repository\junit\junit\4.11\junit-4.11.jar;C:\Users\jordan.r.wathen\.m2\repository\org\hamcrest\hamcrest-core\1.3\hamcrest-core-1.3.jar;"/>
    <property name="java.vm.vendor" value="AdoptOpenJDK"/>
    <property name="sun.arch.data.model" value="64"/>
    <property name="user.variant" value=""/>
    <property name="java.vendor.url" value="https://adoptopenjdk.net/"/>
    <property name="user.timezone" value="Europe/London"/>
    <property name="java.vm.specification.version" value="11"/>
    <property name="os.name" value="Windows 10"/>
    <property name="sun.java.launcher" value="SUN_STANDARD"/>
    <property name="user.country" value="GB"/>
    <property name="sun.boot.library.path" value="C:\Program Files\AdoptOpenJDK\jdk-11.0.9.101-hotspot\bin"/>
    <property name="sun.java.command" value="C:\Users\JORDAN~1.WAT\AppData\Local\Temp\surefire2168499397877879573\surefirebooter1007793259788766336.jar C:\Users\jordan.r.wathen\AppData\Local\Temp\surefire2168499397877879573 2020-12-30T11-39-16_958-jvmRun1 surefire5012955928600836102tmp surefire_0956844765385020797tmp"/>
    <property name="jdk.debug" value="release"/>
    <property name="surefire.test.class.path" value="c:\Users\jordan.r.wathen\OneDrive - Accenture\UEL\Year 3\Synoptic Project\synoptic\target\test-classes;c:\Users\jordan.r.wathen\OneDrive - Accenture\UEL\Year 3\Synoptic Project\synoptic\target\classes;C:\Users\jordan.r.wathen\.m2\repository\junit\junit\4.11\junit-4.11.jar;C:\Users\jordan.r.wathen\.m2\repository\org\hamcrest\hamcrest-core\1.3\hamcrest-core-1.3.jar;"/>
    <property name="sun.cpu.endian" value="little"/>
    <property name="user.home" value="C:\Users\jordan.r.wathen"/>
    <property name="user.language" value="en"/>
    <property name="java.specification.vendor" value="Oracle Corporation"/>
    <property name="java.version.date" value="2020-11-04"/>
    <property name="java.home" value="C:\Program Files\AdoptOpenJDK\jdk-11.0.9.101-hotspot"/>
    <property name="file.separator" value="\"/>
    <property name="basedir" value="c:\Users\jordan.r.wathen\OneDrive - Accenture\UEL\Year 3\Synoptic Project\synoptic"/>
    <property name="java.vm.compressedOopsMode" value="32-bit"/>
    <property name="line.separator" value="&#10;"/>
    <property name="java.specification.name" value="Java Platform API Specification"/>
    <property name="java.vm.specification.vendor" value="Oracle Corporation"/>
    <property name="java.awt.graphicsenv" value="sun.awt.Win32GraphicsEnvironment"/>
    <property name="surefire.real.class.path" value="C:\Users\JORDAN~1.WAT\AppData\Local\Temp\surefire2168499397877879573\surefirebooter1007793259788766336.jar"/>
    <property name="user.script" value=""/>
    <property name="sun.management.compiler" value="HotSpot 64-Bit Tiered Compilers"/>
    <property name="java.runtime.version" value="11.0.9.1+1"/>
    <property name="user.name" value="jordan.r.wathen"/>
    <property name="path.separator" value=";"/>
    <property name="os.version" value="10.0"/>
    <property name="java.runtime.name" value="OpenJDK Runtime Environment"/>
    <property name="file.encoding" value="Cp1252"/>
    <property name="java.vm.name" value="OpenJDK 64-Bit Server VM"/>
    <property name="java.vendor.version" value="AdoptOpenJDK"/>
    <property name="localRepository" value="C:\Users\jordan.r.wathen\.m2\repository"/>
    <property name="java.vendor.url.bug" value="https://github.com/AdoptOpenJDK/openjdk-support/issues"/>
    <property name="java.io.tmpdir" value="C:\Users\JORDAN~1.WAT\AppData\Local\Temp\"/>
    <property name="java.version" value="11.0.9.1"/>
    <property name="user.dir" value="c:\Users\jordan.r.wathen\OneDrive - Accenture\UEL\Year 3\Synoptic Project\synoptic"/>
    <property name="os.arch" value="amd64"/>
    <property name="java.vm.specification.name" value="Java Virtual Machine Specification"/>
    <property name="java.awt.printerjob" value="sun.awt.windows.WPrinterJob"/>
    <property name="sun.os.patch.level" value=""/>
    <property name="java.library.path" value="C:\Program Files\AdoptOpenJDK\jdk-11.0.9.101-hotspot\bin;C:\WINDOWS\Sun\Java\bin;C:\WINDOWS\system32;C:\WINDOWS;c:\Program Files\AdoptOpenJDK\jdk-11.0.9.101-hotspot\bin;C:\Program Files (x86)\Common Files\Oracle\Java\javapath;C:\Program Files (x86)\RSA SecurID Token Common;C:\Program Files (x86)\Intel\Intel(R) Management Engine Components\iCLS\;C:\Program Files\Intel\Intel(R) Management Engine Components\iCLS\;C:\WINDOWS\system32;C:\WINDOWS;C:\WINDOWS\System32\Wbem;C:\WINDOWS\System32\WindowsPowerShell\v1.0\;C:\Program Files (x86)\Intel\Intel(R) Management Engine Components\DAL;C:\Program Files\Intel\Intel(R) Management Engine Components\DAL;C:\Program Files (x86)\Intel\Intel(R) Management Engine Components\IPT;C:\Program Files\Intel\Intel(R) Management Engine Components\IPT;C:\WINDOWS\System32\OpenSSH\;C:\Program Files\Java\jdk1.8.0_191\bin;C:\Program Files\apache-maven-3.6.0\bin;C:\Program Files\Git\cmd;C:\Program Files\Dart\dart-sdk\bin;C:\Program Files\nodejs\;C:\Program Files\Intel\WiFi\bin\;C:\Program Files\Common Files\Intel\WirelessCommon\;C:\Program Files\Gource\cmd;C:\Program Files (x86)\Symantec\VIP Access Client\;C:\Users\jordan.r.wathen\AppData\Roaming\daml\bin;C:\Users\jordan.r.wathen\AppData\Local\Microsoft\WindowsApps;C:\Users\jordan.r.wathen\AppData\Local\Programs\Git\cmd;C:\Program Files\Java\jdk1.8.0_191\bin;C:\Users\jordan.r.wathen\AppData\Local\atom\bin;C:\Users\jordan.r.wathen\AppData\Local\Programs\Python\Python37-32;C:\Users\jordan.r.wathen\OneDrive - Accenture\Side of Desk\myNetworking\flutter\bin;C:\Users\jordan.r.wathen\AppData\Local\Programs\Microsoft VS Code\bin;C:\Users\jordan.r.wathen\AppData\Roaming\npm;C:\Users\jordan.r.wathen\AppData\Local\Microsoft\WindowsApps;C:\Users\jordan.r.wathen\node_modules\mongodb;C:\Users\jordan.r.wathen\AppData\Local\GitHubDesktop\bin;."/>
    <property name="java.vm.info" value="mixed mode"/>
    <property name="java.vendor" value="AdoptOpenJDK"/>
    <property name="java.vm.version" value="11.0.9.1+1"/>
    <property name="sun.io.unicode.encoding" value="UnicodeLittle"/>
    <property name="java.class.version" value="55.0"/>
  </properties>
  <testcase name="shouldAnswerWithTrue" classname="org.github.jrds.AppTest" time="0.01"/>
</testsuite>